<?xml version="1.0" encoding="UTF-8"?>
<!-- Generated by org.testng.reporters.JUnitXMLReporter -->
<testsuite ignored="0" hostname="DESKTOP-JNHK7VF" failures="0" tests="2" name="Test" time="140.858" errors="0" timestamp="2024-03-24T01:09:58 IST">
  <testcase classname="testNgTestClass.CF_001ValidateSearchResearchHealthPlanePolicies" name="validateTestPlansFromTextAndBanners" time="15.134"/>
  <testcase classname="testNgTestClass.CF_002Validate_Pincode_Error_Msg" name="validate_Pincode_ErrorMsg" time="0.067"/>
</testsuite> <!-- Test -->
