<?xml version="1.0" encoding="UTF-8"?>
<!-- Generated by org.testng.reporters.JUnitXMLReporter -->
<testsuite ignored="0" hostname="DESKTOP-JNHK7VF" failures="0" tests="2" name="Test" time="256.415" errors="0" timestamp="2024-01-06T18:48:03 IST">
  <testcase classname="testNgTestClass.CF_001ValidateSearchResearchHealthPlanePolicies" name="validateTestPlansFromTextAndBanners" time="12.822"/>
  <testcase classname="testNgTestClass.CF_002Validate_Pincode_Error_Msg" name="validate_Pincode_ErrorMsg" time="1.537"/>
</testsuite> <!-- Test -->
