<?xml version="1.0" encoding="UTF-8"?>
<testng-results ignored="0" total="1" passed="1" failed="0" skipped="0">
  <reporter-output>
    <line>
      <![CDATA[Launching Browser]]>
    </line>
    <line>
      <![CDATA[Opening Browser]]>
    </line>
    <line>
      <![CDATA[Clicking on Gender Button]]>
    </line>
    <line>
      <![CDATA[Clicking On Next Button]]>
    </line>
    <line>
      <![CDATA[Handling Age DropDown]]>
    </line>
    <line>
      <![CDATA[Clicking On Next Button]]>
    </line>
    <line>
      <![CDATA[Entering Pincode]]>
    </line>
    <line>
      <![CDATA[Entering Mobile Number]]>
    </line>
    <line>
      <![CDATA[Clicking On Continue Button]]>
    </line>
    <line>
      <![CDATA[Fatching Number Of Result From Text]]>
    </line>
    <line>
      <![CDATA[Fatching Number Of Result From banners]]>
    </line>
    <line>
      <![CDATA[Tc is passed]]>
    </line>
    <line>
      <![CDATA[Taking screenshot Of Final Result]]>
    </line>
    <line>
      <![CDATA[Closing Browser]]>
    </line>
    <line>
      <![CDATA[Closing Browser]]>
    </line>
  </reporter-output>
  <suite started-at="2024-01-18T12:51:57 IST" name="Default suite" finished-at="2024-01-18T12:53:05 IST" duration-ms="67745">
    <groups>
    </groups>
    <test started-at="2024-01-18T12:51:57 IST" name="Default test" finished-at="2024-01-18T12:53:05 IST" duration-ms="67745">
      <class name="testNgTestClass.CF_001ValidateSearchResearchHealthPlanereadfrompropertiesfilePolicies2">
        <test-method is-config="true" signature="launchingBrowser()[pri:0, instance:testNgTestClass.CF_001ValidateSearchResearchHealthPlanereadfrompropertiesfilePolicies2@3c46e67a]" started-at="2024-01-18T12:51:57 IST" name="launchingBrowser" finished-at="2024-01-18T12:52:21 IST" duration-ms="24012" status="PASS">
          <reporter-output>
            <line>
              <![CDATA[Launching Browser]]>
            </line>
            <line>
              <![CDATA[Opening Browser]]>
            </line>
          </reporter-output>
        </test-method> <!-- launchingBrowser -->
        <test-method is-config="true" signature="enterMemberDetails()[pri:0, instance:testNgTestClass.CF_001ValidateSearchResearchHealthPlanereadfrompropertiesfilePolicies2@3c46e67a]" started-at="2024-01-18T12:52:21 IST" name="enterMemberDetails" finished-at="2024-01-18T12:52:35 IST" duration-ms="13777" status="PASS">
          <reporter-output>
            <line>
              <![CDATA[Clicking on Gender Button]]>
            </line>
            <line>
              <![CDATA[Clicking On Next Button]]>
            </line>
            <line>
              <![CDATA[Handling Age DropDown]]>
            </line>
            <line>
              <![CDATA[Clicking On Next Button]]>
            </line>
            <line>
              <![CDATA[Entering Pincode]]>
            </line>
            <line>
              <![CDATA[Entering Mobile Number]]>
            </line>
            <line>
              <![CDATA[Clicking On Continue Button]]>
            </line>
          </reporter-output>
        </test-method> <!-- enterMemberDetails -->
        <test-method signature="validateTestPlansFromTextAndBanners()[pri:0, instance:testNgTestClass.CF_001ValidateSearchResearchHealthPlanereadfrompropertiesfilePolicies2@3c46e67a]" started-at="2024-01-18T12:52:35 IST" name="validateTestPlansFromTextAndBanners" finished-at="2024-01-18T12:52:49 IST" duration-ms="13806" status="PASS">
          <reporter-output>
            <line>
              <![CDATA[Fatching Number Of Result From Text]]>
            </line>
            <line>
              <![CDATA[Fatching Number Of Result From banners]]>
            </line>
            <line>
              <![CDATA[Tc is passed]]>
            </line>
            <line>
              <![CDATA[Taking screenshot Of Final Result]]>
            </line>
          </reporter-output>
        </test-method> <!-- validateTestPlansFromTextAndBanners -->
        <test-method is-config="true" signature="closingBrowser()[pri:0, instance:testNgTestClass.CF_001ValidateSearchResearchHealthPlanereadfrompropertiesfilePolicies2@3c46e67a]" started-at="2024-01-18T12:52:49 IST" name="closingBrowser" finished-at="2024-01-18T12:53:05 IST" duration-ms="16001" status="PASS">
          <reporter-output>
            <line>
              <![CDATA[Closing Browser]]>
            </line>
            <line>
              <![CDATA[Closing Browser]]>
            </line>
          </reporter-output>
        </test-method> <!-- closingBrowser -->
      </class> <!-- testNgTestClass.CF_001ValidateSearchResearchHealthPlanereadfrompropertiesfilePolicies2 -->
    </test> <!-- Default test -->
  </suite> <!-- Default suite -->
</testng-results>
